<?xml version="1.0" encoding="UTF-8"?>
<testsuite xmlns:xsi="http://www.w3.org/2001/XMLSchema-instance" xsi:noNamespaceSchemaLocation="https://maven.apache.org/surefire/maven-surefire-plugin/xsd/surefire-test-report.xsd" name="TestSuite" time="27.206" tests="2" errors="0" skipped="0" failures="0">
  <properties>
[...]
</properties>
  <testcase name="verifyScrollToAlstofPage" classname="tests.Second_Test" time="4.038"/>
  <testcase name="verifyScrollToParticaularElement" classname="tests.First_Test" time="4.251"/>
</testsuite>