<?xml version="1.0" encoding="UTF-8"?>
<testng-results total="2" passed="2" failed="0" skipped="0">
  <reporter-output>
  </reporter-output>
  <suite started-at="2022-03-30T02:24:52Z" name="Suite1" finished-at="2022-03-30T02:25:14Z" duration-ms="22615">
    <groups>
    </groups>
    <test started-at="2022-03-30T02:24:52Z" name="Regression1" finished-at="2022-03-30T02:25:14Z" duration-ms="22615">
      <class name="tests.First_Test">
        <test-method is-config="true" signature="startBrowser()[pri:0, instance:tests.First_Test@39d76cb5]" started-at="2022-03-30T07:54:52Z" name="startBrowser" finished-at="2022-03-30T07:55:06Z" duration-ms="14323" status="PASS">
          <reporter-output>
          </reporter-output>
        </test-method> <!-- startBrowser -->
        <test-method signature="verifyScrollToParticaularElement()[pri:0, instance:tests.First_Test@39d76cb5]" started-at="2022-03-30T07:55:06Z" name="verifyScrollToParticaularElement" finished-at="2022-03-30T07:55:10Z" duration-ms="4251" status="PASS">
          <reporter-output>
          </reporter-output>
        </test-method> <!-- verifyScrollToParticaularElement -->
        <test-method is-config="true" signature="closeBrowser()[pri:0, instance:tests.First_Test@39d76cb5]" started-at="2022-03-30T07:55:10Z" name="closeBrowser" finished-at="2022-03-30T07:55:12Z" duration-ms="1364" status="PASS">
          <reporter-output>
          </reporter-output>
        </test-method> <!-- closeBrowser -->
      </class> <!-- tests.First_Test -->
      <class name="tests.Second_Test">
        <test-method is-config="true" signature="startBrowser()[pri:0, instance:tests.Second_Test@4a00d9cf]" started-at="2022-03-30T07:54:52Z" name="startBrowser" finished-at="2022-03-30T07:55:06Z" duration-ms="14216" status="PASS">
          <reporter-output>
          </reporter-output>
        </test-method> <!-- startBrowser -->
        <test-method signature="verifyScrollToAlstofPage()[pri:0, instance:tests.Second_Test@4a00d9cf]" started-at="2022-03-30T07:55:06Z" name="verifyScrollToAlstofPage" finished-at="2022-03-30T07:55:10Z" duration-ms="4157" status="PASS">
          <reporter-output>
          </reporter-output>
        </test-method> <!-- verifyScrollToAlstofPage -->
        <test-method is-config="true" signature="closeBrowser()[pri:0, instance:tests.Second_Test@4a00d9cf]" started-at="2022-03-30T07:55:10Z" name="closeBrowser" finished-at="2022-03-30T07:55:14Z" duration-ms="4211" status="PASS">
          <reporter-output>
          </reporter-output>
        </test-method> <!-- closeBrowser -->
      </class> <!-- tests.Second_Test -->
    </test> <!-- Regression1 -->
  </suite> <!-- Suite1 -->
</testng-results>
